[debug] [2021-10-19T05:31:27.724Z] ----------------------------------------------------------------------
[debug] [2021-10-19T05:31:27.726Z] Command:       C:\Program Files\nodejs\node.exe C:\Users\mingc\AppData\Roaming\npm\node_modules\firebase-tools\lib\bin\firebase.js init
[debug] [2021-10-19T05:31:27.726Z] CLI Version:   9.20.0
[debug] [2021-10-19T05:31:27.726Z] Platform:      win32
[debug] [2021-10-19T05:31:27.727Z] Node Version:  v14.18.1
[debug] [2021-10-19T05:31:27.727Z] Time:          Tue Oct 19 2021 13:31:27 GMT+0800 (China Standard Time)
[debug] [2021-10-19T05:31:27.727Z] ----------------------------------------------------------------------
[debug] 
[debug] [2021-10-19T05:31:27.733Z] > command requires scopes: ["email","openid","https://www.googleapis.com/auth/cloudplatformprojects.readonly","https://www.googleapis.com/auth/firebase","https://www.googleapis.com/auth/cloud-platform"]
[debug] [2021-10-19T05:31:27.733Z] > authorizing via signed-in user (mclphp2021@gmail.com)
[info] 
     ######## #### ########  ######## ########     ###     ######  ########
     ##        ##  ##     ## ##       ##     ##  ##   ##  ##       ##
     ######    ##  ########  ######   ########  #########  ######  ######
     ##        ##  ##    ##  ##       ##     ## ##     ##       ## ##
     ##       #### ##     ## ######## ########  ##     ##  ######  ########

You're about to initialize a Firebase project in this directory:

  C:\Users\mingc\Desktop\SGML

[info] 
=== Project Setup
[info] 
[info] First, let's associate this project directory with a Firebase project.
[info] You can create multiple project aliases by running firebase use --add, 
[info] but for now we'll just set up a default project.
[info] 
[debug] [2021-10-19T05:32:22.886Z] >>> [apiv2][query] GET https://firebase.googleapis.com/v1beta1/projects pageSize=100
[debug] [2021-10-19T05:32:23.620Z] <<< [apiv2][status] GET https://firebase.googleapis.com/v1beta1/projects 200
[debug] [2021-10-19T05:32:23.620Z] <<< [apiv2][body] GET https://firebase.googleapis.com/v1beta1/projects [omitted]
[info] i  Using project sgml-77baf (SGML) 
[info] 
=== Hosting Setup
[info] 
[info] Your public directory is the folder (relative to your project directory) that
[info] will contain Hosting assets to be uploaded with firebase deploy. If you
[info] have a build process for your assets, use your build's output directory.
[info] 
